Using pre-set license
Desktop is 3286 x 1080 @ 60 Hz

 COMMAND LINE ARGUMENTS:
Unity
-adb2
-batchMode
-noUpm
-name
AssetImportWorker0
-projectPath
/home/foroni-ubuntu/Documentos/TCC/Mecanica3D_v2
-logFile
Logs/AssetImportWorker0.log
-srvPort
40557
Successfully changed project path to: /home/foroni-ubuntu/Documentos/TCC/Mecanica3D_v2
/home/foroni-ubuntu/Documentos/TCC/Mecanica3D_v2
Using Asset Import Pipeline V2.
Refreshing native plugins compatible for Editor in 111,82 ms, found 0 plugins.
Preloading 0 native plugins for Editor in 0,00 ms.
Initialize engine version: 2020.3.13f1 (71691879b7f5)
[Subsystems] Discovering subsystems at path /home/foroni-ubuntu/Unity/Hub/Editor/2020.3.13f1/Editor/Data/Resources/UnitySubsystems
[Subsystems] Discovering subsystems at path /home/foroni-ubuntu/Documentos/TCC/Mecanica3D_v2/Assets
GLX Extensions: GLX_EXT_visual_info GLX_EXT_visual_rating GLX_EXT_import_context GLX_SGIX_fbconfig GLX_SGIX_pbuffer GLX_SGI_video_sync GLX_SGI_swap_control GLX_EXT_swap_control GLX_EXT_swap_control_tear GLX_EXT_texture_from_pixmap GLX_EXT_buffer_age GLX_ARB_create_context GLX_ARB_create_context_profile GLX_EXT_create_context_es_profile GLX_EXT_create_context_es2_profile GLX_ARB_create_context_no_error GLX_ARB_create_context_robustness GLX_NV_delay_before_swap GLX_EXT_stereo_tree GLX_ARB_context_flush_control GLX_NV_robustness_video_memory_purge GLX_NV_multigpu_context GLX_ARB_multisample GLX_NV_float_buffer GLX_ARB_fbconfig_float GLX_EXT_framebuffer_sRGB GLX_NV_copy_image GLX_ARB_get_proc_address 
Renderer: GeForce MX150/PCIe/SSE2
Vendor:   NVIDIA Corporation
Version:  4.5.0 NVIDIA 460.91.03
GLES:     0
 GL_AMD_multi_draw_indirect GL_AMD_seamless_cubemap_per_texture GL_AMD_vertex_shader_viewport_index GL_AMD_vertex_shader_layer GL_ARB_arrays_of_arrays GL_ARB_base_instance GL_ARB_bindless_texture GL_ARB_blend_func_extended GL_ARB_buffer_storage GL_ARB_clear_buffer_object GL_ARB_clear_texture GL_ARB_clip_control GL_ARB_color_buffer_float GL_ARB_compressed_texture_pixel_storage GL_ARB_conservative_depth GL_ARB_compute_shader GL_ARB_compute_variable_group_size GL_ARB_conditional_render_inverted GL_ARB_copy_buffer GL_ARB_copy_image GL_ARB_cull_distance GL_ARB_debug_output GL_ARB_depth_buffer_float GL_ARB_depth_clamp GL_ARB_depth_texture GL_ARB_derivative_control GL_ARB_direct_state_access GL_ARB_draw_buffers GL_ARB_draw_buffers_blend GL_ARB_draw_indirect GL_ARB_draw_elements_base_vertex GL_ARB_draw_instanced GL_ARB_enhanced_layouts GL_ARB_ES2_compatibility GL_ARB_ES3_compatibility GL_ARB_ES3_1_compatibility GL_ARB_ES3_2_compatibility GL_ARB_explicit_attrib_location GL_ARB_explicit_uniform_location GL_ARB_fragmen
t_coord_conventions GL_ARB_fragment_layer_viewport GL_ARB_fragment_program GL_ARB_fragment_program_shadow GL_ARB_fragment_shader GL_ARB_fragment_shader_interlock GL_ARB_framebuffer_no_attachments GL_ARB_framebuffer_object GL_ARB_framebuffer_sRGB GL_ARB_geometry_shader4 GL_ARB_get_program_binary GL_ARB_get_texture_sub_image GL_ARB_gl_spirv GL_ARB_gpu_shader5 GL_ARB_gpu_shader_fp64 GL_ARB_gpu_shader_int64 GL_ARB_half_float_pixel GL_ARB_half_float_vertex GL_ARB_imaging GL_ARB_indirect_parameters GL_ARB_instanced_arrays GL_ARB_internalformat_query GL_ARB_internalformat_query2 GL_ARB_invalidate_subdata GL_ARB_map_buffer_alignment GL_ARB_map_buffer_range GL_ARB_multi_bind GL_ARB_multi_draw_indirect GL_ARB_multisample GL_ARB_multitexture GL_ARB_occlusion_query GL_ARB_occlusion_query2 GL_ARB_parallel_shader_compile GL_ARB_pipeline_statistics_query GL_ARB_pixel_buffer_object GL_ARB_point_parameters GL_ARB_point_sprite GL_ARB_polygon_offset_clamp GL_ARB_post_depth_coverage GL_ARB_program_interface_query GL_ARB_provoki
ng_vertex GL_ARB_query_buffer_object GL_ARB_robust_buffer_access_behavior GL_ARB_robustness GL_ARB_sample_locations GL_ARB_sample_shading GL_ARB_sampler_objects GL_ARB_seamless_cube_map GL_ARB_seamless_cubemap_per_texture GL_ARB_separate_shader_objects GL_ARB_shader_atomic_counter_ops GL_ARB_shader_atomic_counters GL_ARB_shader_ballot GL_ARB_shader_bit_encoding GL_ARB_shader_clock GL_ARB_shader_draw_parameters GL_ARB_shader_group_vote GL_ARB_shader_image_load_store GL_ARB_shader_image_size GL_ARB_shader_objects GL_ARB_shader_precision GL_ARB_shader_storage_buffer_object GL_ARB_shader_subroutine GL_ARB_shader_texture_image_samples GL_ARB_shader_texture_lod GL_ARB_shading_language_100 GL_ARB_shader_viewport_layer_array GL_ARB_shading_language_420pack GL_ARB_shading_language_include GL_ARB_shading_language_packing GL_ARB_shadow GL_ARB_sparse_buffer GL_ARB_sparse_texture GL_ARB_sparse_texture2 GL_ARB_sparse_texture_clamp GL_ARB_spirv_extensions GL_ARB_stencil_texturing GL_ARB_sync GL_ARB_tessellation_shader GL_A
RB_texture_barrier GL_ARB_texture_border_clamp GL_ARB_texture_buffer_object GL_ARB_texture_buffer_object_rgb32 GL_ARB_texture_buffer_range GL_ARB_texture_compression GL_ARB_texture_compression_bptc GL_ARB_texture_compression_rgtc GL_ARB_texture_cube_map GL_ARB_texture_cube_map_array GL_ARB_texture_env_add GL_ARB_texture_env_combine GL_ARB_texture_env_crossbar GL_ARB_texture_env_dot3 GL_ARB_texture_filter_anisotropic GL_ARB_texture_filter_minmax GL_ARB_texture_float GL_ARB_texture_gather GL_ARB_texture_mirror_clamp_to_edge GL_ARB_texture_mirrored_repeat GL_ARB_texture_multisample GL_ARB_texture_non_power_of_two GL_ARB_texture_query_levels GL_ARB_texture_query_lod GL_ARB_texture_rectangle GL_ARB_texture_rg GL_ARB_texture_rgb10_a2ui GL_ARB_texture_stencil8 GL_ARB_texture_storage GL_ARB_texture_storage_multisample GL_ARB_texture_swizzle GL_ARB_texture_view GL_ARB_timer_query GL_ARB_transform_feedback2 GL_ARB_transform_feedback3 GL_ARB_transform_feedback_instanced GL_ARB_transform_feedback_overflow_query GL_ARB_t
ranspose_matrix GL_ARB_uniform_buffer_object GL_ARB_vertex_array_bgra GL_ARB_vertex_array_object GL_ARB_vertex_attrib_64bit GL_ARB_vertex_attrib_binding GL_ARB_vertex_buffer_object GL_ARB_vertex_program GL_ARB_vertex_shader GL_ARB_vertex_type_10f_11f_11f_rev GL_ARB_vertex_type_2_10_10_10_rev GL_ARB_viewport_array GL_ARB_window_pos GL_ATI_draw_buffers GL_ATI_texture_float GL_ATI_texture_mirror_once GL_S3_s3tc GL_EXT_texture_env_add GL_EXT_abgr GL_EXT_bgra GL_EXT_bindable_uniform GL_EXT_blend_color GL_EXT_blend_equation_separate GL_EXT_blend_func_separate GL_EXT_blend_minmax GL_EXT_blend_subtract GL_EXT_compiled_vertex_array GL_EXT_Cg_shader GL_EXT_depth_bounds_test GL_EXT_direct_state_access GL_EXT_draw_buffers2 GL_EXT_draw_instanced GL_EXT_draw_range_elements GL_EXT_fog_coord GL_EXT_framebuffer_blit GL_EXT_framebuffer_multisample GL_EXTX_framebuffer_mixed_formats GL_EXT_framebuffer_multisample_blit_scaled GL_EXT_framebuffer_object GL_EXT_framebuffer_sRGB GL_EXT_geometry_shader4 GL_EXT_gpu_program_parameters 
GL_EXT_gpu_shader4 GL_EXT_multi_draw_arrays GL_EXT_multiview_texture_multisample GL_EXT_multiview_timer_query GL_EXT_packed_depth_stencil GL_EXT_packed_float GL_EXT_packed_pixels GL_EXT_pixel_buffer_object GL_EXT_point_parameters GL_EXT_polygon_offset_clamp GL_EXT_post_depth_coverage GL_EXT_provoking_vertex GL_EXT_raster_multisample GL_EXT_rescale_normal GL_EXT_secondary_color GL_EXT_separate_shader_objects GL_EXT_separate_specular_color GL_EXT_shader_image_load_formatted GL_EXT_shader_image_load_store GL_EXT_shader_integer_mix GL_EXT_shadow_funcs GL_EXT_sparse_texture2 GL_EXT_stencil_two_side GL_EXT_stencil_wrap GL_EXT_texture3D GL_EXT_texture_array GL_EXT_texture_buffer_object GL_EXT_texture_compression_dxt1 GL_EXT_texture_compression_latc GL_EXT_texture_compression_rgtc GL_EXT_texture_compression_s3tc GL_EXT_texture_cube_map GL_EXT_texture_edge_clamp GL_EXT_texture_env_combine GL_EXT_texture_env_dot3 GL_EXT_texture_filter_anisotropic GL_EXT_texture_filter_minmax GL_EXT_texture_integer GL_EXT_texture_lod G
L_EXT_texture_lod_bias GL_EXT_texture_mirror_clamp GL_EXT_texture_object GL_EXT_texture_shadow_lod GL_EXT_texture_shared_exponent GL_EXT_texture_sRGB GL_EXT_texture_sRGB_R8 GL_EXT_texture_sRGB_decode GL_EXT_texture_storage GL_EXT_texture_swizzle GL_EXT_timer_query GL_EXT_transform_feedback2 GL_EXT_vertex_array GL_EXT_vertex_array_bgra GL_EXT_vertex_attrib_64bit GL_EXT_window_rectangles GL_EXT_x11_sync_object GL_EXT_import_sync_object GL_NV_robustness_video_memory_purge GL_IBM_rasterpos_clip GL_IBM_texture_mirrored_repeat GL_KHR_context_flush_control GL_KHR_debug GL_EXT_memory_object GL_EXT_memory_object_fd GL_NV_memory_object_sparse GL_KHR_parallel_shader_compile GL_KHR_no_error GL_KHR_robust_buffer_access_behavior GL_KHR_robustness GL_EXT_semaphore GL_EXT_semaphore_fd GL_NV_timeline_semaphore GL_KHR_shader_subgroup GL_KTX_buffer_region GL_NV_alpha_to_coverage_dither_control GL_NV_bindless_multi_draw_indirect GL_NV_bindless_multi_draw_indirect_count GL_NV_bindless_texture GL_NV_blend_equation_advanced GL_NV_
blend_equation_advanced_coherent GL_NVX_blend_equation_advanced_multi_draw_buffers GL_NV_blend_minmax_factor GL_NV_blend_square GL_NV_clip_space_w_scaling GL_NV_command_list GL_NV_compute_program5 GL_NV_conditional_render GL_NV_conservative_raster GL_NV_conservative_raster_dilate GL_NV_conservative_raster_pre_snap_triangles GL_NV_copy_depth_to_color GL_NV_copy_image GL_NV_depth_buffer_float GL_NV_depth_clamp GL_NV_draw_texture GL_NV_draw_vulkan_image GL_NV_ES1_1_compatibility GL_NV_ES3_1_compatibility GL_NV_explicit_multisample GL_NV_feature_query GL_NV_fence GL_NV_fill_rectangle GL_NV_float_buffer GL_NV_fog_distance GL_NV_fragment_coverage_to_color GL_NV_fragment_program GL_NV_fragment_program_option GL_NV_fragment_program2 GL_NV_fragment_shader_interlock GL_NV_framebuffer_mixed_samples GL_NV_framebuffer_multisample_coverage GL_NV_geometry_shader4 GL_NV_geometry_shader_passthrough GL_NV_gpu_program4 GL_NV_internalformat_sample_query GL_NV_gpu_program4_1 GL_NV_gpu_program5 GL_NV_gpu_program5_mem_extended GL_
NV_gpu_program_fp64 GL_NV_gpu_shader5 GL_NV_half_float GL_NV_light_max_exponent GL_NV_memory_attachment GL_NV_multisample_coverage GL_NV_multisample_filter_hint GL_NV_occlusion_query GL_NV_packed_depth_stencil GL_NV_parameter_buffer_object GL_NV_parameter_buffer_object2 GL_NV_path_rendering GL_NV_path_rendering_shared_edge GL_NV_pixel_data_range GL_NV_point_sprite GL_NV_primitive_restart GL_NV_query_resource GL_NV_query_resource_tag GL_NV_register_combiners GL_NV_register_combiners2 GL_NV_sample_locations GL_NV_sample_mask_override_coverage GL_NV_shader_atomic_counters GL_NV_shader_atomic_float GL_NV_shader_atomic_float64 GL_NV_shader_atomic_fp16_vector GL_NV_shader_atomic_int64 GL_NV_shader_buffer_load GL_NV_shader_storage_buffer_object GL_NV_shader_subgroup_partitioned GL_NV_stereo_view_rendering GL_NV_texgen_reflection GL_NV_texture_barrier GL_NV_texture_compression_vtc GL_NV_texture_env_combine4 GL_NV_texture_multisample GL_NV_texture_rectangle GL_NV_texture_rectangle_compressed GL_NV_texture_shader GL_N
V_texture_shader2 GL_NV_texture_shader3 GL_NV_transform_feedback GL_NV_transform_feedback2 GL_NV_uniform_buffer_unified_memory GL_NV_vdpau_interop GL_NV_vdpau_interop2 GL_NV_vertex_array_range GL_NV_vertex_array_range2 GL_NV_vertex_attrib_integer_64bit GL_NV_vertex_buffer_unified_memory GL_NV_vertex_program GL_NV_vertex_program1_1 GL_NV_vertex_program2 GL_NV_vertex_program2_option GL_NV_vertex_program3 GL_NV_viewport_array2 GL_NV_viewport_swizzle GL_NVX_conditional_render GL_NV_gpu_multicast GL_NVX_progress_fence GL_NVX_gpu_memory_info GL_NVX_nvenc_interop GL_NV_shader_thread_group GL_NV_shader_thread_shuffle GL_KHR_blend_equation_advanced GL_KHR_blend_equation_advanced_coherent GL_OVR_multiview GL_OVR_multiview2 GL_SGIS_generate_mipmap GL_SGIS_texture_lod GL_SGIX_depth_texture GL_SGIX_shadow GL_SUN_slice_accum
OPENGL LOG: Creating OpenGL 4.5 graphics device ; Context level  <OpenGL 4.5> ; Context handle -1117358232
Initialize mono
Mono path[0] = '/home/foroni-ubuntu/Unity/Hub/Editor/2020.3.13f1/Editor/Data/Managed'
Mono path[1] = '/home/foroni-ubuntu/Unity/Hub/Editor/2020.3.13f1/Editor/Data/MonoBleedingEdge/lib/mono/unityjit'
Mono config path = '/home/foroni-ubuntu/Unity/Hub/Editor/2020.3.13f1/Editor/Data/MonoBleedingEdge/etc'
Using monoOptions --debugger-agent=transport=dt_socket,embedding=1,server=y,suspend=n,address=127.0.0.1:56538
Begin MonoManager ReloadAssembly
Registering precompiled unity dll's ...
Register platform support module: /home/foroni-ubuntu/Unity/Hub/Editor/2020.3.13f1/Editor/Data/PlaybackEngines/LinuxStandaloneSupport/UnityEditor.LinuxStandalone.Extensions.dll
Registered in 0,003366 seconds.
Native extension for LinuxStandalone target not found
Refreshing native plugins compatible for Editor in 88,08 ms, found 0 plugins.
Preloading 0 native plugins for Editor in 0,00 ms.
Mono: successfully reloaded assembly
- Completed reload, in  2,892 seconds
Platform modules already initialized, skipping
Registering precompiled user dll's ...
Registered in 0,006346 seconds.
Begin MonoManager ReloadAssembly
Native extension for LinuxStandalone target not found
Refreshing native plugins compatible for Editor in 0,72 ms, found 0 plugins.
Preloading 0 native plugins for Editor in 0,00 ms.
Mono: successfully reloaded assembly
- Completed reload, in  2,637 seconds
Platform modules already initialized, skipping
========================================================================
Worker process is ready to serve import requests
Launched and connected shader compiler UnityShaderCompiler after 0.01 seconds
Refreshing native plugins compatible for Editor in 0,64 ms, found 0 plugins.
Preloading 0 native plugins for Editor in 0,00 ms.
Unloading 1403 Unused Serialized files (Serialized files now loaded: 0)
System memory in use before: 61,3 MB.
System memory in use after: 61,3 MB.

Unloading 19 unused Assets to reduce memory usage. Loaded Objects now: 1840.
Total: 6,018746 ms (FindLiveObjects: 0,330650 ms CreateObjectMapping: 0,136397 ms MarkObjects: 5,099260 ms  DeleteObjects: 0,450332 ms)

AssetImportParameters requested are different than current active one (requested -> active):
  custom:video-decoder-ogg-theora: a1e56fd34408186e4bbccfd4996cb3dc -> 
  custom:container-muxer-webm: aa71ff27fc2769a1b78a27578f13a17b -> 
  custom:container-demuxer-webm: 4f35f7cbe854078d1ac9338744f61a02 -> 
  custom:container-demuxer-ogg: 62fdf1f143b41e24485cea50d1cbac27 -> 
  custom:video-encoder-webm-vp8: eb34c28f22e8b96e1ab97ce403110664 -> 
  custom:video-decoder-webm-vp8: 9c59270c3fd7afecdb556c50c9e8de78 -> 
  custom:audio-decoder-ogg-vorbis: bf7c407c2cedff20999df2af8eb42d56 -> 
  custom:audio-encoder-webm-vorbis: bf7c407c2cedff20999df2af8eb42d56 -> 
========================================================================
Received Import Request.
  path: Assets/Scenes/CenaPrincipal.unity
  artifactKey: Guid(40251def3b29ba649acb46cfd657a1c1) Importer(815301076,1909f56bfc062723c751e8b465ee728b)
Start importing Assets/Scenes/CenaPrincipal.unity using Guid(40251def3b29ba649acb46cfd657a1c1) Importer(815301076,1909f56bfc062723c751e8b465ee728b)  -> (artifact id: 'b4545be05bc06bceffdc0c4165958025') in 0,023303 seconds 
  Import took 0,029678 seconds .

========================================================================
Received Import Request.
  Time since last request: 620,802975 seconds.
  path: Assets/HomeStuff/Materials/MainMaterial.mat
  artifactKey: Guid(38df50251b714ba4580b6887e3eeaf1a) Importer(815301076,1909f56bfc062723c751e8b465ee728b)
Start importing Assets/HomeStuff/Materials/MainMaterial.mat using Guid(38df50251b714ba4580b6887e3eeaf1a) Importer(815301076,1909f56bfc062723c751e8b465ee728b)  -> (artifact id: '300a09c77f420b5bbee6ebe2572168c2') in 0,110823 seconds 
  Import took 0,113538 seconds .

========================================================================
Received Import Request.
  Time since last request: 0,000236 seconds.
  path: Assets/HomeStuff/Materials/texture.png
  artifactKey: Guid(347f14d921c2228468658f3a2a6dd004) Importer(815301076,1909f56bfc062723c751e8b465ee728b)
Start importing Assets/HomeStuff/Materials/texture.png using Guid(347f14d921c2228468658f3a2a6dd004) Importer(815301076,1909f56bfc062723c751e8b465ee728b)  -> (artifact id: '1bc3ac4be378557dfc8cd66c4863b911') in 0,017919 seconds 
  Import took 0,071928 seconds .

========================================================================
Received Import Request.
  Time since last request: 30,126292 seconds.
  path: Assets/PQAssets/Query-Chan-SD/Materials/Background.mat
  artifactKey: Guid(9c6ab09d56b934c5a9f0c43b472e0ca9) Importer(815301076,1909f56bfc062723c751e8b465ee728b)
Start importing Assets/PQAssets/Query-Chan-SD/Materials/Background.mat using Guid(9c6ab09d56b934c5a9f0c43b472e0ca9) Importer(815301076,1909f56bfc062723c751e8b465ee728b)  -> (artifact id: '2b8372ab391896a0af9897ea8dfd7342') in 0,032472 seconds 
  Import took 0,035183 seconds .

========================================================================
Received Import Request.
  Time since last request: 2,088164 seconds.
  path: Assets/HomeStuff/Models/BathSink.fbx
  artifactKey: Guid(3126f881a886f8144bb2e36e85d0c390) Importer(815301076,1909f56bfc062723c751e8b465ee728b)
Start importing Assets/HomeStuff/Models/BathSink.fbx using Guid(3126f881a886f8144bb2e36e85d0c390) Importer(815301076,1909f56bfc062723c751e8b465ee728b)  -> (artifact id: 'dcc0dca07bf7eb55a46317e64201682e') in 0,210060 seconds 
  Import took 0,216462 seconds .

========================================================================
Received Import Request.
  Time since last request: 0,000490 seconds.
  path: Assets/HomeStuff/Models/Sink.1.fbx
  artifactKey: Guid(56c0c7640260a9c4bba1d681d44ded82) Importer(815301076,1909f56bfc062723c751e8b465ee728b)
Start importing Assets/HomeStuff/Models/Sink.1.fbx using Guid(56c0c7640260a9c4bba1d681d44ded82) Importer(815301076,1909f56bfc062723c751e8b465ee728b)  -> (artifact id: 'b3d315cc39872288247f4d2f4a130988') in 0,023992 seconds 
  Import took 0,028451 seconds .

========================================================================
Received Import Request.
  Time since last request: 0,000298 seconds.
  path: Assets/HomeStuff/Models/Lamp.fbx
  artifactKey: Guid(be1b3100d2863af4bb5022d0c5293618) Importer(815301076,1909f56bfc062723c751e8b465ee728b)
Start importing Assets/HomeStuff/Models/Lamp.fbx using Guid(be1b3100d2863af4bb5022d0c5293618) Importer(815301076,1909f56bfc062723c751e8b465ee728b)  -> (artifact id: 'aa3cc9d18306bfb89075ac5c920a7fe9') in 0,026560 seconds 
  Import took 0,031618 seconds .

========================================================================
Received Import Request.
  Time since last request: 0,000316 seconds.
  path: Assets/HomeStuff/Models/Book.5.fbx
  artifactKey: Guid(97abc9643ce768c4298cb1264363ad94) Importer(815301076,1909f56bfc062723c751e8b465ee728b)
Start importing Assets/HomeStuff/Models/Book.5.fbx using Guid(97abc9643ce768c4298cb1264363ad94) Importer(815301076,1909f56bfc062723c751e8b465ee728b)  -> (artifact id: '052e3472cd5641e2a42af283b1065763') in 0,026463 seconds 
  Import took 0,031372 seconds .

========================================================================
Received Import Request.
  Time since last request: 0,000273 seconds.
  path: Assets/HomeStuff/Models/Bathtub.fbx
  artifactKey: Guid(47f8c297fa1cc4048a965530702b353d) Importer(815301076,1909f56bfc062723c751e8b465ee728b)
Start importing Assets/HomeStuff/Models/Bathtub.fbx using Guid(47f8c297fa1cc4048a965530702b353d) Importer(815301076,1909f56bfc062723c751e8b465ee728b)  -> (artifact id: '356419dfcff34d3f5e2d75fe78d62f1c') in 0,028210 seconds 
  Import took 0,034701 seconds .

========================================================================
Received Import Request.
  Time since last request: 0,000452 seconds.
  path: Assets/HomeStuff/Models/Boxshelf.fbx
  artifactKey: Guid(3deb423014868c04eb200152022d54c9) Importer(815301076,1909f56bfc062723c751e8b465ee728b)
Start importing Assets/HomeStuff/Models/Boxshelf.fbx using Guid(3deb423014868c04eb200152022d54c9) Importer(815301076,1909f56bfc062723c751e8b465ee728b)  -> (artifact id: 'c91ed2d25d1e20290c3b5bded440a419') in 0,080265 seconds 
  Import took 0,086567 seconds .

========================================================================
Received Import Request.
  Time since last request: 0,000285 seconds.
  path: Assets/HomeStuff/Models/Book.3.fbx
  artifactKey: Guid(702dc3751b1b2cf4f833ca162605cda5) Importer(815301076,1909f56bfc062723c751e8b465ee728b)
Start importing Assets/HomeStuff/Models/Book.3.fbx using Guid(702dc3751b1b2cf4f833ca162605cda5) Importer(815301076,1909f56bfc062723c751e8b465ee728b)  -> (artifact id: 'b4c6a302b4e181ec7ccb06e3ef5a859a') in 0,024327 seconds 
  Import took 0,030042 seconds .

========================================================================
Received Import Request.
  Time since last request: 0,000308 seconds.
  path: Assets/HomeStuff/Models/Table.fbx
  artifactKey: Guid(cc464fd9cb747c0458bbd9f6e895c691) Importer(815301076,1909f56bfc062723c751e8b465ee728b)
Start importing Assets/HomeStuff/Models/Table.fbx using Guid(cc464fd9cb747c0458bbd9f6e895c691) Importer(815301076,1909f56bfc062723c751e8b465ee728b)  -> (artifact id: '03227f7609d503e4cb14c960bb0cd1c9') in 0,023116 seconds 
  Import took 0,028741 seconds .

========================================================================
Received Import Request.
  Time since last request: 0,000306 seconds.
  path: Assets/HomeStuff/Models/Sink.2.fbx
  artifactKey: Guid(634189559968b644a99dac5af20b2718) Importer(815301076,1909f56bfc062723c751e8b465ee728b)
Start importing Assets/HomeStuff/Models/Sink.2.fbx using Guid(634189559968b644a99dac5af20b2718) Importer(815301076,1909f56bfc062723c751e8b465ee728b)  -> (artifact id: '26d209a4fdbb35bda2f64fda67547f29') in 0,026431 seconds 
  Import took 0,032169 seconds .

========================================================================
Received Import Request.
  Time since last request: 0,000326 seconds.
  path: Assets/HomeStuff/Models/Trash.fbx
  artifactKey: Guid(04eb2a943a4c2714e9d66b99957bcf8d) Importer(815301076,1909f56bfc062723c751e8b465ee728b)
Start importing Assets/HomeStuff/Models/Trash.fbx using Guid(04eb2a943a4c2714e9d66b99957bcf8d) Importer(815301076,1909f56bfc062723c751e8b465ee728b)  -> (artifact id: 'dedb28bbe850fbcda8178c506ea33938') in 0,021691 seconds 
  Import took 0,027403 seconds .

========================================================================
Received Import Request.
  Time since last request: 0,000342 seconds.
  path: Assets/HomeStuff/Models/SmallTable.fbx
  artifactKey: Guid(5348532066f268a4c92eb5aa85f500dd) Importer(815301076,1909f56bfc062723c751e8b465ee728b)
Start importing Assets/HomeStuff/Models/SmallTable.fbx using Guid(5348532066f268a4c92eb5aa85f500dd) Importer(815301076,1909f56bfc062723c751e8b465ee728b)  -> (artifact id: 'ba10e9e1a8e720e78a754a913b4fd477') in 0,024554 seconds 
  Import took 0,029693 seconds .

========================================================================
Received Import Request.
  Time since last request: 0,000281 seconds.
  path: Assets/HomeStuff/Models/Sink.fbx
  artifactKey: Guid(db78d437de8738f48a99e88b4328f62a) Importer(815301076,1909f56bfc062723c751e8b465ee728b)
Start importing Assets/HomeStuff/Models/Sink.fbx using Guid(db78d437de8738f48a99e88b4328f62a) Importer(815301076,1909f56bfc062723c751e8b465ee728b)  -> (artifact id: 'eb4030c4c8fe6fc035da729af932d9d4') in 0,023352 seconds 
  Import took 0,029971 seconds .

========================================================================
Received Import Request.
  Time since last request: 0,000415 seconds.
  path: Assets/HomeStuff/Models/Sofa.fbx
  artifactKey: Guid(1da05fbed83714140b3f47c9812d1e2f) Importer(815301076,1909f56bfc062723c751e8b465ee728b)
Start importing Assets/HomeStuff/Models/Sofa.fbx using Guid(1da05fbed83714140b3f47c9812d1e2f) Importer(815301076,1909f56bfc062723c751e8b465ee728b)  -> (artifact id: 'ead5273dffd89059a688580288687043') in 0,027632 seconds 
  Import took 0,032819 seconds .

========================================================================
Received Import Request.
  Time since last request: 0,000312 seconds.
  path: Assets/HomeStuff/Models/Refrigerator.fbx
  artifactKey: Guid(d18c080a08b7a5e49b6b690330057a43) Importer(815301076,1909f56bfc062723c751e8b465ee728b)
Start importing Assets/HomeStuff/Models/Refrigerator.fbx using Guid(d18c080a08b7a5e49b6b690330057a43) Importer(815301076,1909f56bfc062723c751e8b465ee728b)  -> (artifact id: '68c5c49be76f51305e1b75aa6379de1a') in 0,027470 seconds 
  Import took 0,032389 seconds .

========================================================================
Received Import Request.
  Time since last request: 0,001124 seconds.
  path: Assets/HomeStuff/Models/TV.fbx
  artifactKey: Guid(e08e523cc4367234e8b33dbe7552795d) Importer(815301076,1909f56bfc062723c751e8b465ee728b)
Start importing Assets/HomeStuff/Models/TV.fbx using Guid(e08e523cc4367234e8b33dbe7552795d) Importer(815301076,1909f56bfc062723c751e8b465ee728b)  -> (artifact id: 'b6e2ee3027bf3c827bf9b35c524b61c6') in 0,023972 seconds 
  Import took 0,029821 seconds .

========================================================================
Received Import Request.
  Time since last request: 0,000401 seconds.
  path: Assets/HomeStuff/Models/Drawer.fbx
  artifactKey: Guid(b36dbcc8ef8059c4a9c8f753d6b0350b) Importer(815301076,1909f56bfc062723c751e8b465ee728b)
Start importing Assets/HomeStuff/Models/Drawer.fbx using Guid(b36dbcc8ef8059c4a9c8f753d6b0350b) Importer(815301076,1909f56bfc062723c751e8b465ee728b)  -> (artifact id: '5c99bd57286f33be654ea54802033470') in 0,026157 seconds 
  Import took 0,031924 seconds .

========================================================================
Received Import Request.
  Time since last request: 0,000400 seconds.
  path: Assets/HomeStuff/Models/Book.4.fbx
  artifactKey: Guid(9b74755f49990804a99d5d68ea5d75a2) Importer(815301076,1909f56bfc062723c751e8b465ee728b)
Start importing Assets/HomeStuff/Models/Book.4.fbx using Guid(9b74755f49990804a99d5d68ea5d75a2) Importer(815301076,1909f56bfc062723c751e8b465ee728b)  -> (artifact id: '430709558522550e7370f218c1781370') in 0,026122 seconds 
  Import took 0,032346 seconds .

========================================================================
Received Import Request.
  Time since last request: 0,000303 seconds.
  path: Assets/HomeStuff/Models/Bed.fbx
  artifactKey: Guid(522560d0696f5804c8622d8ec6342839) Importer(815301076,1909f56bfc062723c751e8b465ee728b)
Start importing Assets/HomeStuff/Models/Bed.fbx using Guid(522560d0696f5804c8622d8ec6342839) Importer(815301076,1909f56bfc062723c751e8b465ee728b)  -> (artifact id: '7a6b7f2c4d6694cacedc936cf381a063') in 0,021916 seconds 
  Import took 0,026713 seconds .

========================================================================
Received Import Request.
  Time since last request: 0,000391 seconds.
  path: Assets/HomeStuff/Models/Book.2.fbx
  artifactKey: Guid(d5f6f6c63bb59f343b64fb522d832b20) Importer(815301076,1909f56bfc062723c751e8b465ee728b)
Start importing Assets/HomeStuff/Models/Book.2.fbx using Guid(d5f6f6c63bb59f343b64fb522d832b20) Importer(815301076,1909f56bfc062723c751e8b465ee728b)  -> (artifact id: 'defc9f61c0c271c180d870cdd5156a47') in 0,025501 seconds 
  Import took 0,031372 seconds .

========================================================================
Received Import Request.
  Time since last request: 0,000419 seconds.
  path: Assets/HomeStuff/Models/Bookshelf.fbx
  artifactKey: Guid(a2bc5fda40d1ee24ea8d96aa11802285) Importer(815301076,1909f56bfc062723c751e8b465ee728b)
Start importing Assets/HomeStuff/Models/Bookshelf.fbx using Guid(a2bc5fda40d1ee24ea8d96aa11802285) Importer(815301076,1909f56bfc062723c751e8b465ee728b)  -> (artifact id: 'e38e39f1bac0a572f0b13118001d5aff') in 0,023559 seconds 
  Import took 0,029616 seconds .

========================================================================
Received Import Request.
  Time since last request: 0,000316 seconds.
  path: Assets/HomeStuff/Models/Microwave.fbx
  artifactKey: Guid(8a62549e9cba08e4caf06a1a49de69d7) Importer(815301076,1909f56bfc062723c751e8b465ee728b)
Start importing Assets/HomeStuff/Models/Microwave.fbx using Guid(8a62549e9cba08e4caf06a1a49de69d7) Importer(815301076,1909f56bfc062723c751e8b465ee728b)  -> (artifact id: '5308f660034910dc338fe35e6be6ede4') in 0,025125 seconds 
  Import took 0,031868 seconds .

========================================================================
Received Import Request.
  Time since last request: 0,000311 seconds.
  path: Assets/HomeStuff/Models/Mirror.fbx
  artifactKey: Guid(e26e73044dab43d4e8697635bc6eaaa3) Importer(815301076,1909f56bfc062723c751e8b465ee728b)
Start importing Assets/HomeStuff/Models/Mirror.fbx using Guid(e26e73044dab43d4e8697635bc6eaaa3) Importer(815301076,1909f56bfc062723c751e8b465ee728b)  -> (artifact id: 'e51612885571ccd81a94ea52a73bf312') in 0,022237 seconds 
  Import took 0,027456 seconds .

========================================================================
Received Import Request.
  Time since last request: 0,000343 seconds.
  path: Assets/HomeStuff/Models/TallLamp.fbx
  artifactKey: Guid(16de22d71aac07c4e8827211e6a16176) Importer(815301076,1909f56bfc062723c751e8b465ee728b)
Start importing Assets/HomeStuff/Models/TallLamp.fbx using Guid(16de22d71aac07c4e8827211e6a16176) Importer(815301076,1909f56bfc062723c751e8b465ee728b)  -> (artifact id: 'a49f2d0ea0f4d21bc1434feab2a29d11') in 0,027841 seconds 
  Import took 0,032738 seconds .

========================================================================
Received Import Request.
  Time since last request: 0,000298 seconds.
  path: Assets/HomeStuff/Models/Chair.fbx
  artifactKey: Guid(f42838308461a634682be0b1eb1a5a4c) Importer(815301076,1909f56bfc062723c751e8b465ee728b)
Start importing Assets/HomeStuff/Models/Chair.fbx using Guid(f42838308461a634682be0b1eb1a5a4c) Importer(815301076,1909f56bfc062723c751e8b465ee728b)  -> (artifact id: 'ff0d2b1f20c8efcaf3c2a8df2d7b0b9d') in 0,025023 seconds 
  Import took 0,030363 seconds .

========================================================================
Received Import Request.
  Time since last request: 0,000303 seconds.
  path: Assets/HomeStuff/Models/Mirror.1.fbx
  artifactKey: Guid(817904b925651f148b5093e4b4274a1a) Importer(815301076,1909f56bfc062723c751e8b465ee728b)
Start importing Assets/HomeStuff/Models/Mirror.1.fbx using Guid(817904b925651f148b5093e4b4274a1a) Importer(815301076,1909f56bfc062723c751e8b465ee728b)  -> (artifact id: '702bdafc2c1c816b466a1bd72265a4f2') in 0,022353 seconds 
  Import took 0,028075 seconds .

========================================================================
Received Import Request.
  Time since last request: 0,000377 seconds.
  path: Assets/HomeStuff/Models/Toilet.fbx
  artifactKey: Guid(b3f2c519619fcbd498ca63678fbe736a) Importer(815301076,1909f56bfc062723c751e8b465ee728b)
Start importing Assets/HomeStuff/Models/Toilet.fbx using Guid(b3f2c519619fcbd498ca63678fbe736a) Importer(815301076,1909f56bfc062723c751e8b465ee728b)  -> (artifact id: '63696eaa42fc1c6ba509e0ee262d317a') in 0,022054 seconds 
  Import took 0,028673 seconds .

========================================================================
Received Import Request.
  Time since last request: 0,001338 seconds.
  path: Assets/HomeStuff/Models/BigDrawer.fbx
  artifactKey: Guid(6946cad694c751a48b91dec74ae41339) Importer(815301076,1909f56bfc062723c751e8b465ee728b)
Start importing Assets/HomeStuff/Models/BigDrawer.fbx using Guid(6946cad694c751a48b91dec74ae41339) Importer(815301076,1909f56bfc062723c751e8b465ee728b)  -> (artifact id: '5e2b188ca051b47fc952bab57e51f8aa') in 0,026193 seconds 
  Import took 0,031821 seconds .

========================================================================
Received Import Request.
  Time since last request: 0,000398 seconds.
  path: Assets/HomeStuff/Models/TVTable.fbx
  artifactKey: Guid(6ab336aa16c0bff44b38248b73687ce2) Importer(815301076,1909f56bfc062723c751e8b465ee728b)
Start importing Assets/HomeStuff/Models/TVTable.fbx using Guid(6ab336aa16c0bff44b38248b73687ce2) Importer(815301076,1909f56bfc062723c751e8b465ee728b)  -> (artifact id: '297d74d246c1517d2bc80a867b924e04') in 0,025571 seconds 
  Import took 0,031151 seconds .

========================================================================
Received Import Request.
  Time since last request: 0,000274 seconds.
  path: Assets/HomeStuff/Models/Book.1.fbx
  artifactKey: Guid(656f375b779461048b0cdde1b80ef0b0) Importer(815301076,1909f56bfc062723c751e8b465ee728b)
Start importing Assets/HomeStuff/Models/Book.1.fbx using Guid(656f375b779461048b0cdde1b80ef0b0) Importer(815301076,1909f56bfc062723c751e8b465ee728b)  -> (artifact id: '482bed829cc01cf198622ad5bad4b7e9') in 0,027230 seconds 
  Import took 0,032803 seconds .

========================================================================
Received Import Request.
  Time since last request: 0,000269 seconds.
  path: Assets/HomeStuff/Models/Sofa.1.fbx
  artifactKey: Guid(35d558844c6d4bd4099115e71679ca77) Importer(815301076,1909f56bfc062723c751e8b465ee728b)
Start importing Assets/HomeStuff/Models/Sofa.1.fbx using Guid(35d558844c6d4bd4099115e71679ca77) Importer(815301076,1909f56bfc062723c751e8b465ee728b)  -> (artifact id: '50cdd5c593fa66d1473da150b9ad2931') in 0,026557 seconds 
  Import took 0,033112 seconds .

========================================================================
Received Import Request.
  Time since last request: 21,555594 seconds.
  path: Assets/HomeStuff/Materials/New Material.mat
  artifactKey: Guid(b5bbb7ddde853cad6b05a672e171369a) Importer(815301076,1909f56bfc062723c751e8b465ee728b)
Start importing Assets/HomeStuff/Materials/New Material.mat using Guid(b5bbb7ddde853cad6b05a672e171369a) Importer(815301076,1909f56bfc062723c751e8b465ee728b)  -> (artifact id: '031b671e9a67d72fe79521ab12da0969') in 0,007451 seconds 
  Import took 0,011561 seconds .

========================================================================
Received Prepare
Registering precompiled user dll's ...
Registered in 0,007785 seconds.
Begin MonoManager ReloadAssembly
Native extension for LinuxStandalone target not found
Refreshing native plugins compatible for Editor in 0,67 ms, found 0 plugins.
Preloading 0 native plugins for Editor in 0,00 ms.
Mono: successfully reloaded assembly
- Completed reload, in  2,564 seconds
Platform modules already initialized, skipping
Refreshing native plugins compatible for Editor in 0,72 ms, found 0 plugins.
Preloading 0 native plugins for Editor in 0,00 ms.
Unloading 1397 Unused Serialized files (Serialized files now loaded: 0)
System memory in use before: 62,9 MB.
System memory in use after: 63,0 MB.

Unloading 14 unused Assets to reduce memory usage. Loaded Objects now: 1887.
Total: 8,687387 ms (FindLiveObjects: 0,288158 ms CreateObjectMapping: 0,084812 ms MarkObjects: 8,022933 ms  DeleteObjects: 0,287407 ms)

AssetImportParameters requested are different than current active one (requested -> active):
  custom:video-decoder-ogg-theora: a1e56fd34408186e4bbccfd4996cb3dc -> 
  custom:container-muxer-webm: aa71ff27fc2769a1b78a27578f13a17b -> 
  custom:container-demuxer-webm: 4f35f7cbe854078d1ac9338744f61a02 -> 
  custom:container-demuxer-ogg: 62fdf1f143b41e24485cea50d1cbac27 -> 
  custom:video-encoder-webm-vp8: eb34c28f22e8b96e1ab97ce403110664 -> 
  custom:video-decoder-webm-vp8: 9c59270c3fd7afecdb556c50c9e8de78 -> 
  custom:audio-decoder-ogg-vorbis: bf7c407c2cedff20999df2af8eb42d56 -> 
  custom:audio-encoder-webm-vorbis: bf7c407c2cedff20999df2af8eb42d56 -> 
========================================================================
Received Import Request.
  Time since last request: 547,791556 seconds.
  path: Assets/HomeStuff/Materials/Ground.mat
  artifactKey: Guid(d9ed81d4fbf959a468e53f1553e4cb45) Importer(815301076,1909f56bfc062723c751e8b465ee728b)
Start importing Assets/HomeStuff/Materials/Ground.mat using Guid(d9ed81d4fbf959a468e53f1553e4cb45) Importer(815301076,1909f56bfc062723c751e8b465ee728b)  -> (artifact id: 'bab29848350c1710286750cb9a081183') in 0,075396 seconds 
  Import took 0,078729 seconds .

========================================================================
Received Import Request.
  Time since last request: 0,000237 seconds.
  path: Assets/HomeStuff/Materials/New Material.mat
  artifactKey: Guid(b5bbb7ddde853cad6b05a672e171369a) Importer(815301076,1909f56bfc062723c751e8b465ee728b)
Start importing Assets/HomeStuff/Materials/New Material.mat using Guid(b5bbb7ddde853cad6b05a672e171369a) Importer(815301076,1909f56bfc062723c751e8b465ee728b)  -> (artifact id: '58bc24cf4264ba3e19fb211d0bc48a1b') in 0,008985 seconds 
  Import took 0,012372 seconds .

AssetImportWorkerClient::OnTransportError - code=2 error=End of file
